Using pre-set license
Built from '2021.3/staging' branch; Version is '2021.3.24f1 (cf10dcf7010d) revision 13570268'; Using compiler version '192829333'; Build Type 'Release'
OS: 'Windows 10  (10.0.19045) 64bit Professional' Language: 'ko' Physical Memory: 8128 MB
BatchMode: 1, IsHumanControllingUs: 0, StartBugReporterOnCrash: 0, Is64bit: 1, IsPro: 1

COMMAND LINE ARGUMENTS:
D:\unity\2021.3.24f1\Editor\Unity.exe
-adb2
-batchMode
-noUpm
-name
AssetImportWorker1
-projectPath
D:/unity/yymLolPve/yymLOLPve
-logFile
Logs/AssetImportWorker1.log
-srvPort
6741
Successfully changed project path to: D:/unity/yymLolPve/yymLOLPve
D:/unity/yymLolPve/yymLOLPve
[UnityMemory] Configuration Parameters - Can be set up in boot.config
    "memorysetup-bucket-allocator-granularity=16"
    "memorysetup-bucket-allocator-bucket-count=8"
    "memorysetup-bucket-allocator-block-size=33554432"
    "memorysetup-bucket-allocator-block-count=8"
    "memorysetup-main-allocator-block-size=16777216"
    "memorysetup-thread-allocator-block-size=16777216"
    "memorysetup-gfx-main-allocator-block-size=16777216"
    "memorysetup-gfx-thread-allocator-block-size=16777216"
    "memorysetup-cache-allocator-block-size=4194304"
    "memorysetup-typetree-allocator-block-size=2097152"
    "memorysetup-profiler-bucket-allocator-granularity=16"
    "memorysetup-profiler-bucket-allocator-bucket-count=8"
    "memorysetup-profiler-bucket-allocator-block-size=33554432"
    "memorysetup-profiler-bucket-allocator-block-count=8"
    "memorysetup-profiler-allocator-block-size=16777216"
    "memorysetup-profiler-editor-allocator-block-size=1048576"
    "memorysetup-temp-allocator-size-main=16777216"
    "memorysetup-job-temp-allocator-block-size=2097152"
    "memorysetup-job-temp-allocator-block-size-background=1048576"
    "memorysetup-job-temp-allocator-reduction-small-platforms=262144"
    "memorysetup-temp-allocator-size-background-worker=32768"
    "memorysetup-temp-allocator-size-job-worker=262144"
    "memorysetup-temp-allocator-size-preload-manager=33554432"
    "memorysetup-temp-allocator-size-nav-mesh-worker=65536"
    "memorysetup-temp-allocator-size-audio-worker=65536"
    "memorysetup-temp-allocator-size-cloud-worker=32768"
    "memorysetup-temp-allocator-size-gi-baking-worker=262144"
    "memorysetup-temp-allocator-size-gfx=262144"
Player connection [1328] Host "[IP] 192.168.219.100 [Port] 0 [Flags] 2 [Guid] 4192445676 [EditorId] 4192445676 [Version] 1048832 [Id] WindowsEditor(7,Windows10) [Debug] 1 [PackageName] WindowsEditor [ProjectName] Editor" joined multi-casting on [225.0.0.222:54997]...

Player connection [1328] Host "[IP] 192.168.219.100 [Port] 0 [Flags] 2 [Guid] 4192445676 [EditorId] 4192445676 [Version] 1048832 [Id] WindowsEditor(7,Windows10) [Debug] 1 [PackageName] WindowsEditor [ProjectName] Editor" joined alternative multi-casting on [225.0.0.222:34997]...

Refreshing native plugins compatible for Editor in 93.06 ms, found 3 plugins.
Preloading 0 native plugins for Editor in 0.00 ms.
Initialize engine version: 2021.3.24f1 (cf10dcf7010d)
[Subsystems] Discovering subsystems at path D:/unity/2021.3.24f1/Editor/Data/Resources/UnitySubsystems
[Subsystems] Discovering subsystems at path D:/unity/yymLolPve/yymLOLPve/Assets
GfxDevice: creating device client; threaded=0; jobified=0
Direct3D:
    Version:  Direct3D 11.0 [level 11.1]
    Renderer: AMD Radeon (TM) R9 380 Series (ID=0x6939)
    Vendor:   ATI
    VRAM:     4071 MB
    Driver:   27.20.1034.6
Initialize mono
Mono path[0] = 'D:/unity/2021.3.24f1/Editor/Data/Managed'
Mono path[1] = 'D:/unity/2021.3.24f1/Editor/Data/MonoBleedingEdge/lib/mono/unityjit-win32'
Mono config path = 'D:/unity/2021.3.24f1/Editor/Data/MonoBleedingEdge/etc'
Using monoOptions --debugger-agent=transport=dt_socket,embedding=1,server=y,suspend=n,address=127.0.0.1:56820
Begin MonoManager ReloadAssembly
Registering precompiled unity dll's ...
Register platform support module: D:/unity/2021.3.24f1/Editor/Data/PlaybackEngines/WindowsStandaloneSupport/UnityEditor.WindowsStandalone.Extensions.dll
Registered in 0.004849 seconds.
Native extension for WindowsStandalone target not found
Refreshing native plugins compatible for Editor in 79.30 ms, found 3 plugins.
Preloading 0 native plugins for Editor in 0.00 ms.
Mono: successfully reloaded assembly
- Completed reload, in  0.791 seconds
Domain Reload Profiling:
	ReloadAssembly (792ms)
		BeginReloadAssembly (156ms)
			ExecutionOrderSort (0ms)
			DisableScriptedObjects (0ms)
			BackupInstance (0ms)
			ReleaseScriptingObjects (0ms)
			CreateAndSetChildDomain (1ms)
		EndReloadAssembly (517ms)
			LoadAssemblies (155ms)
			RebuildTransferFunctionScriptingTraits (0ms)
			SetupTypeCache (137ms)
			ReleaseScriptCaches (0ms)
			RebuildScriptCaches (30ms)
			SetupLoadedEditorAssemblies (295ms)
				LogAssemblyErrors (0ms)
				InitializePlatformSupportModulesInManaged (8ms)
				SetLoadedEditorAssemblies (0ms)
				RefreshPlugins (79ms)
				BeforeProcessingInitializeOnLoad (1ms)
				ProcessInitializeOnLoadAttributes (139ms)
				ProcessInitializeOnLoadMethodAttributes (68ms)
				AfterProcessingInitializeOnLoad (0ms)
				EditorAssembliesLoaded (0ms)
			ExecutionOrderSort2 (0ms)
			AwakeInstancesAfterBackupRestoration (0ms)
Platform modules already initialized, skipping
Registering precompiled user dll's ...
Registered in 0.008939 seconds.
Begin MonoManager ReloadAssembly
Symbol file LoadedFromMemory doesn't match image D:\unity\yymLolPve\yymLOLPve\Library\PackageCache\com.unity.visualscripting@1.8.0\Editor\VisualScripting.Core\Dependencies\YamlDotNet\Unity.VisualScripting.YamlDotNet.dll
Symbol file LoadedFromMemory doesn't match image D:\unity\yymLolPve\yymLOLPve\Library\PackageCache\com.unity.visualscripting@1.8.0\Editor\VisualScripting.Core\Dependencies\DotNetZip\Unity.VisualScripting.IonicZip.dll
Native extension for WindowsStandalone target not found
Refreshing native plugins compatible for Editor in 0.58 ms, found 3 plugins.
Preloading 0 native plugins for Editor in 0.00 ms.
Mono: successfully reloaded assembly
- Completed reload, in  1.227 seconds
Domain Reload Profiling:
	ReloadAssembly (1228ms)
		BeginReloadAssembly (188ms)
			ExecutionOrderSort (0ms)
			DisableScriptedObjects (6ms)
			BackupInstance (0ms)
			ReleaseScriptingObjects (0ms)
			CreateAndSetChildDomain (22ms)
		EndReloadAssembly (903ms)
			LoadAssemblies (169ms)
			RebuildTransferFunctionScriptingTraits (0ms)
			SetupTypeCache (320ms)
			ReleaseScriptCaches (1ms)
			RebuildScriptCaches (60ms)
			SetupLoadedEditorAssemblies (365ms)
				LogAssemblyErrors (0ms)
				InitializePlatformSupportModulesInManaged (5ms)
				SetLoadedEditorAssemblies (0ms)
				RefreshPlugins (1ms)
				BeforeProcessingInitializeOnLoad (84ms)
				ProcessInitializeOnLoadAttributes (246ms)
				ProcessInitializeOnLoadMethodAttributes (23ms)
				AfterProcessingInitializeOnLoad (5ms)
				EditorAssembliesLoaded (0ms)
			ExecutionOrderSort2 (0ms)
			AwakeInstancesAfterBackupRestoration (21ms)
Platform modules already initialized, skipping
========================================================================
Worker process is ready to serve import requests
Launched and connected shader compiler UnityShaderCompiler.exe after 0.07 seconds
Refreshing native plugins compatible for Editor in 1.02 ms, found 3 plugins.
Preloading 0 native plugins for Editor in 0.00 ms.
Unloading 3048 Unused Serialized files (Serialized files now loaded: 0)
Unloading 24 unused Assets / (114.1 KB). Loaded Objects now: 3509.
Memory consumption went from 112.9 MB to 112.8 MB.
Total: 3.114600 ms (FindLiveObjects: 0.260700 ms CreateObjectMapping: 0.199800 ms MarkObjects: 2.510300 ms  DeleteObjects: 0.143000 ms)

AssetImportParameters requested are different than current active one (requested -> active):
  custom:video-decoder-ogg-theora: a1e56fd34408186e4bbccfd4996cb3dc -> 
  custom:container-muxer-webm: aa71ff27fc2769a1b78a27578f13a17b -> 
  custom:container-demuxer-webm: 4f35f7cbe854078d1ac9338744f61a02 -> 
  custom:video-encoder-webm-vp8: eb34c28f22e8b96e1ab97ce403110664 -> 
  custom:audio-encoder-webm-vorbis: bf7c407c2cedff20999df2af8eb42d56 -> 
  custom:framework-win-MediaFoundation: 216162199b28c13a410421893ffa2e32 -> 
  custom:container-demuxer-ogg: 62fdf1f143b41e24485cea50d1cbac27 -> 
  custom:video-decoder-webm-vp8: 9c59270c3fd7afecdb556c50c9e8de78 -> 
  custom:audio-decoder-ogg-vorbis: bf7c407c2cedff20999df2af8eb42d56 -> 
========================================================================
Received Prepare
Registering precompiled user dll's ...
Registered in 0.024135 seconds.
Begin MonoManager ReloadAssembly
Symbol file LoadedFromMemory doesn't match image D:\unity\yymLolPve\yymLOLPve\Library\PackageCache\com.unity.visualscripting@1.8.0\Editor\VisualScripting.Core\Dependencies\YamlDotNet\Unity.VisualScripting.YamlDotNet.dll
Symbol file LoadedFromMemory doesn't match image D:\unity\yymLolPve\yymLOLPve\Library\PackageCache\com.unity.visualscripting@1.8.0\Editor\VisualScripting.Core\Dependencies\DotNetZip\Unity.VisualScripting.IonicZip.dll
Native extension for WindowsStandalone target not found
Refreshing native plugins compatible for Editor in 0.55 ms, found 3 plugins.
Preloading 0 native plugins for Editor in 0.00 ms.
Mono: successfully reloaded assembly
- Completed reload, in  2.660 seconds
Domain Reload Profiling:
	ReloadAssembly (2661ms)
		BeginReloadAssembly (328ms)
			ExecutionOrderSort (0ms)
			DisableScriptedObjects (9ms)
			BackupInstance (0ms)
			ReleaseScriptingObjects (0ms)
			CreateAndSetChildDomain (48ms)
		EndReloadAssembly (1843ms)
			LoadAssemblies (347ms)
			RebuildTransferFunctionScriptingTraits (0ms)
			SetupTypeCache (815ms)
			ReleaseScriptCaches (5ms)
			RebuildScriptCaches (112ms)
			SetupLoadedEditorAssemblies (545ms)
				LogAssemblyErrors (0ms)
				InitializePlatformSupportModulesInManaged (35ms)
				SetLoadedEditorAssemblies (1ms)
				RefreshPlugins (1ms)
				BeforeProcessingInitializeOnLoad (92ms)
				ProcessInitializeOnLoadAttributes (387ms)
				ProcessInitializeOnLoadMethodAttributes (24ms)
				AfterProcessingInitializeOnLoad (5ms)
				EditorAssembliesLoaded (0ms)
			ExecutionOrderSort2 (0ms)
			AwakeInstancesAfterBackupRestoration (29ms)
Platform modules already initialized, skipping
Refreshing native plugins compatible for Editor in 284.11 ms, found 3 plugins.
Preloading 0 native plugins for Editor in 0.00 ms.
Unloading 3043 Unused Serialized files (Serialized files now loaded: 0)
Unloading 17 unused Assets / (80.5 KB). Loaded Objects now: 3513.
Memory consumption went from 112.7 MB to 112.6 MB.
Total: 18.232100 ms (FindLiveObjects: 0.452900 ms CreateObjectMapping: 1.248000 ms MarkObjects: 16.385000 ms  DeleteObjects: 0.144800 ms)

AssetImportParameters requested are different than current active one (requested -> active):
  custom:video-decoder-ogg-theora: a1e56fd34408186e4bbccfd4996cb3dc -> 
  custom:container-muxer-webm: aa71ff27fc2769a1b78a27578f13a17b -> 
  custom:container-demuxer-webm: 4f35f7cbe854078d1ac9338744f61a02 -> 
  custom:video-encoder-webm-vp8: eb34c28f22e8b96e1ab97ce403110664 -> 
  custom:audio-encoder-webm-vorbis: bf7c407c2cedff20999df2af8eb42d56 -> 
  custom:framework-win-MediaFoundation: 216162199b28c13a410421893ffa2e32 -> 
  custom:container-demuxer-ogg: 62fdf1f143b41e24485cea50d1cbac27 -> 
  custom:video-decoder-webm-vp8: 9c59270c3fd7afecdb556c50c9e8de78 -> 
  custom:audio-decoder-ogg-vorbis: bf7c407c2cedff20999df2af8eb42d56 -> 
========================================================================
Received Import Request.
  Time since last request: 76337.478042 seconds.
  path: Assets/Script/Player.cs
  artifactKey: Guid(56e884a5d3b08ef40b4a25d894c1df41) Importer(2089858483,0ecaa5967403d082aa24f35e1b516d23)
Start importing Assets/Script/Player.cs using Guid(56e884a5d3b08ef40b4a25d894c1df41) Importer(2089858483,0ecaa5967403d082aa24f35e1b516d23) Generated GUIDs only implemented for interfaces!
 -> (artifact id: '9091154fe0503ef7a3e0b895b0013351') in 0.248198 seconds 
========================================================================
Received Import Request.
  Time since last request: 0.000038 seconds.
  path: Assets/RPG Tiny Hero Duo/Animator/RootMotion.controller
  artifactKey: Guid(230b755b75de01e42872522beacd71ec) Importer(2089858483,0ecaa5967403d082aa24f35e1b516d23)
Start importing Assets/RPG Tiny Hero Duo/Animator/RootMotion.controller using Guid(230b755b75de01e42872522beacd71ec) Importer(2089858483,0ecaa5967403d082aa24f35e1b516d23) Generated GUIDs only implemented for interfaces!
 -> (artifact id: 'd1c5bd57236d378d68bb6be0ef409713') in 1.318879 seconds 
========================================================================
Received Import Request.
  Time since last request: 0.000044 seconds.
  path: Assets/RPG Tiny Hero Duo/Animator/AnimLayer.mask
  artifactKey: Guid(acaf52b69aaad2042b776ec016c26e0e) Importer(2089858483,0ecaa5967403d082aa24f35e1b516d23)
Start importing Assets/RPG Tiny Hero Duo/Animator/AnimLayer.mask using Guid(acaf52b69aaad2042b776ec016c26e0e) Importer(2089858483,0ecaa5967403d082aa24f35e1b516d23) Generated GUIDs only implemented for interfaces!
 -> (artifact id: 'eea998758f5be7e24eb15f7519e456e4') in 0.033590 seconds 
========================================================================
Received Import Request.
  Time since last request: 0.025097 seconds.
  path: Assets/RPG Tiny Hero Duo/Material/PBR_Default.mat
  artifactKey: Guid(f323cced30244554986ee5e9f5dd8b67) Importer(2089858483,0ecaa5967403d082aa24f35e1b516d23)
Start importing Assets/RPG Tiny Hero Duo/Material/PBR_Default.mat using Guid(f323cced30244554986ee5e9f5dd8b67) Importer(2089858483,0ecaa5967403d082aa24f35e1b516d23) Generated GUIDs only implemented for interfaces!
 -> (artifact id: '38b9f725a23b3a56585434ce74ef8f20') in 0.562561 seconds 
========================================================================
Received Import Request.
  Time since last request: 0.000027 seconds.
  path: Assets/RPG Tiny Hero Duo/Material/Stage.mat
  artifactKey: Guid(f2c23294678c47341aa7ffec8a34162a) Importer(2089858483,0ecaa5967403d082aa24f35e1b516d23)
Start importing Assets/RPG Tiny Hero Duo/Material/Stage.mat using Guid(f2c23294678c47341aa7ffec8a34162a) Importer(2089858483,0ecaa5967403d082aa24f35e1b516d23) Generated GUIDs only implemented for interfaces!
 -> (artifact id: 'fb062b724cf7d93e9ca408be20517aca') in 0.305364 seconds 
========================================================================
Received Import Request.
  Time since last request: 0.000026 seconds.
  path: Assets/RPG Tiny Hero Duo/Texture/Albedo.png
  artifactKey: Guid(a63884258dc521b4085d9bc96fe60c86) Importer(2089858483,0ecaa5967403d082aa24f35e1b516d23)
Start importing Assets/RPG Tiny Hero Duo/Texture/Albedo.png using Guid(a63884258dc521b4085d9bc96fe60c86) Importer(2089858483,0ecaa5967403d082aa24f35e1b516d23) Generated GUIDs only implemented for interfaces!
 -> (artifact id: '6149510a5c46eb6d94f8e2f95cca0ac8') in 0.630451 seconds 
========================================================================
Received Import Request.
  Time since last request: 0.000023 seconds.
  path: Assets/WizardPolyArt/Animations/VictoryMaintain.fbx
  artifactKey: Guid(b016241d6c755924faa72ef01f6917f3) Importer(2089858483,0ecaa5967403d082aa24f35e1b516d23)
Start importing Assets/WizardPolyArt/Animations/VictoryMaintain.fbx using Guid(b016241d6c755924faa72ef01f6917f3) Importer(2089858483,0ecaa5967403d082aa24f35e1b516d23) Generated GUIDs only implemented for interfaces!
 -> (artifact id: 'f74960f0c31695d77bf6acd2615d5c7f') in 0.919114 seconds 
========================================================================
Received Import Request.
  Time since last request: 0.000187 seconds.
  path: Assets/RPG Tiny Hero Duo/Scene/AnimationLayer.unity
  artifactKey: Guid(dd5c2fce3c5586940a67d594979ccdee) Importer(2089858483,0ecaa5967403d082aa24f35e1b516d23)
Start importing Assets/RPG Tiny Hero Duo/Scene/AnimationLayer.unity using Guid(dd5c2fce3c5586940a67d594979ccdee) Importer(2089858483,0ecaa5967403d082aa24f35e1b516d23) Generated GUIDs only implemented for interfaces!
 -> (artifact id: '02203427e48d2677a13b7edc4f9911dc') in 0.007150 seconds 
========================================================================
Received Import Request.
  Time since last request: 0.000017 seconds.
  path: Assets/WizardPolyArt/Animations/JumpAirAttack.fbx
  artifactKey: Guid(0ea920bff0bc70345a1ac988ac997e73) Importer(2089858483,0ecaa5967403d082aa24f35e1b516d23)
Start importing Assets/WizardPolyArt/Animations/JumpAirAttack.fbx using Guid(0ea920bff0bc70345a1ac988ac997e73) Importer(2089858483,0ecaa5967403d082aa24f35e1b516d23) Generated GUIDs only implemented for interfaces!
 -> (artifact id: '240d976b4ea5556f66ba3c0f3b56f7ce') in 0.173239 seconds 
========================================================================
Received Import Request.
  Time since last request: 0.000017 seconds.
  path: Assets/RPG Tiny Hero Duo/Animation/SwordAndShield/Attack03_SwordAndShiled.fbx
  artifactKey: Guid(9a6c3585df66f2e4782635fc7a23494c) Importer(2089858483,0ecaa5967403d082aa24f35e1b516d23)
Start importing Assets/RPG Tiny Hero Duo/Animation/SwordAndShield/Attack03_SwordAndShiled.fbx using Guid(9a6c3585df66f2e4782635fc7a23494c) Importer(2089858483,0ecaa5967403d082aa24f35e1b516d23) Generated GUIDs only implemented for interfaces!
 -> (artifact id: 'e8ad064dcdf64e0b043c817e050f4182') in 0.169472 seconds 
========================================================================
Received Import Request.
  Time since last request: 0.000025 seconds.
  path: Assets/WizardPolyArt/Animations/Attack02Start.fbx
  artifactKey: Guid(7fdb60c8dc5c5ed429ede0d591bce079) Importer(2089858483,0ecaa5967403d082aa24f35e1b516d23)
Start importing Assets/WizardPolyArt/Animations/Attack02Start.fbx using Guid(7fdb60c8dc5c5ed429ede0d591bce079) Importer(2089858483,0ecaa5967403d082aa24f35e1b516d23) Generated GUIDs only implemented for interfaces!
 -> (artifact id: '15385f2efa6a1a99837f2a60f1d01ba1') in 0.126777 seconds 
========================================================================
Received Import Request.
  Time since last request: 0.000027 seconds.
  path: Assets/WizardPolyArt/Animations/WalkForward.fbx
  artifactKey: Guid(8254954c6c0cf98469be07a2c0a87db8) Importer(2089858483,0ecaa5967403d082aa24f35e1b516d23)
Start importing Assets/WizardPolyArt/Animations/WalkForward.fbx using Guid(8254954c6c0cf98469be07a2c0a87db8) Importer(2089858483,0ecaa5967403d082aa24f35e1b516d23) Generated GUIDs only implemented for interfaces!
 -> (artifact id: 'a1505312ef3b90c2305e293fd2dfee2d') in 0.163444 seconds 
========================================================================
Received Import Request.
  Time since last request: 0.000024 seconds.
  path: Assets/RPG Tiny Hero Duo/Animation/SwordAndShield/Die01_SwordAndShield.fbx
  artifactKey: Guid(5940bb0b55717a746bbbe4d3e47e7e39) Importer(2089858483,0ecaa5967403d082aa24f35e1b516d23)
Start importing Assets/RPG Tiny Hero Duo/Animation/SwordAndShield/Die01_SwordAndShield.fbx using Guid(5940bb0b55717a746bbbe4d3e47e7e39) Importer(2089858483,0ecaa5967403d082aa24f35e1b516d23) Generated GUIDs only implemented for interfaces!
 -> (artifact id: '010ec264e6b9f0e5450d3025682f56e6') in 0.084284 seconds 
========================================================================
Received Import Request.
  Time since last request: 0.000025 seconds.
  path: Assets/WizardPolyArt/Animations/BattleWalkLeft.fbx
  artifactKey: Guid(cb2d7c8eb8d682d4db58ae9673579e76) Importer(2089858483,0ecaa5967403d082aa24f35e1b516d23)
Start importing Assets/WizardPolyArt/Animations/BattleWalkLeft.fbx using Guid(cb2d7c8eb8d682d4db58ae9673579e76) Importer(2089858483,0ecaa5967403d082aa24f35e1b516d23) Generated GUIDs only implemented for interfaces!
 -> (artifact id: '915d704380a8638034956dc36530bb7a') in 0.155974 seconds 
========================================================================
Received Import Request.
  Time since last request: 0.000032 seconds.
  path: Assets/WizardPolyArt/Animations/Die.fbx
  artifactKey: Guid(48511f3269ab33140ad32d856584c98a) Importer(2089858483,0ecaa5967403d082aa24f35e1b516d23)
Start importing Assets/WizardPolyArt/Animations/Die.fbx using Guid(48511f3269ab33140ad32d856584c98a) Importer(2089858483,0ecaa5967403d082aa24f35e1b516d23) Generated GUIDs only implemented for interfaces!
 -> (artifact id: '079eceab3e73d78f4cb8b5f6f4362800') in 0.116561 seconds 
========================================================================
Received Import Request.
  Time since last request: 0.000024 seconds.
  path: Assets/RPG Tiny Hero Duo/Animation/SwordAndShield/DefendHit_SwordAndShield.fbx
  artifactKey: Guid(655c85429305c154b88f3b9157168e0c) Importer(2089858483,0ecaa5967403d082aa24f35e1b516d23)
Start importing Assets/RPG Tiny Hero Duo/Animation/SwordAndShield/DefendHit_SwordAndShield.fbx using Guid(655c85429305c154b88f3b9157168e0c) Importer(2089858483,0ecaa5967403d082aa24f35e1b516d23) Generated GUIDs only implemented for interfaces!
 -> (artifact id: 'ee9672b8fc2473a1bc935b459e7b5805') in 0.079874 seconds 
========================================================================
Received Import Request.
  Time since last request: 0.000026 seconds.
  path: Assets/RPG Tiny Hero Duo/Prefab/MaleCharacterPBR.prefab
  artifactKey: Guid(2dfbb63c9cdf7504faf4ff26b0581598) Importer(2089858483,0ecaa5967403d082aa24f35e1b516d23)
Start importing Assets/RPG Tiny Hero Duo/Prefab/MaleCharacterPBR.prefab using Guid(2dfbb63c9cdf7504faf4ff26b0581598) Importer(2089858483,0ecaa5967403d082aa24f35e1b516d23) Generated GUIDs only implemented for interfaces!
 -> (artifact id: '493f570c9588600bf9313306e1655ebb') in 0.205187 seconds 
========================================================================
Received Import Request.
  Time since last request: 0.000034 seconds.
  path: Assets/RPG Tiny Hero Duo/Animation/SwordAndShield/Attack04_Spinning_SwordAndShield.fbx
  artifactKey: Guid(5729b70d60fdcac45bd03f32c0b8dbea) Importer(2089858483,0ecaa5967403d082aa24f35e1b516d23)
Start importing Assets/RPG Tiny Hero Duo/Animation/SwordAndShield/Attack04_Spinning_SwordAndShield.fbx using Guid(5729b70d60fdcac45bd03f32c0b8dbea) Importer(2089858483,0ecaa5967403d082aa24f35e1b516d23) Generated GUIDs only implemented for interfaces!
 -> (artifact id: '1c0a8cfaf7e78270887089864f7dac99') in 0.106138 seconds 
========================================================================
Received Import Request.
  Time since last request: 0.000025 seconds.
  path: Assets/RPG Tiny Hero Duo/Animation/SwordAndShield/AvatarMask.mask
  artifactKey: Guid(0a2d610c66cc08b4492b8b3de93fdbde) Importer(2089858483,0ecaa5967403d082aa24f35e1b516d23)
Start importing Assets/RPG Tiny Hero Duo/Animation/SwordAndShield/AvatarMask.mask using Guid(0a2d610c66cc08b4492b8b3de93fdbde) Importer(2089858483,0ecaa5967403d082aa24f35e1b516d23) Generated GUIDs only implemented for interfaces!
 -> (artifact id: '7d3a5089a722f2986e001efd2a2418bf') in 0.024300 seconds 
========================================================================
Received Import Request.
  Time since last request: 0.000024 seconds.
  path: Assets/WizardPolyArt/Animations/Attack03Maintain.fbx
  artifactKey: Guid(84360086255e9b24eb56fb310a84754e) Importer(2089858483,0ecaa5967403d082aa24f35e1b516d23)
Start importing Assets/WizardPolyArt/Animations/Attack03Maintain.fbx using Guid(84360086255e9b24eb56fb310a84754e) Importer(2089858483,0ecaa5967403d082aa24f35e1b516d23) Generated GUIDs only implemented for interfaces!
 -> (artifact id: 'a3519b5c2cc55175563322044e2f94e0') in 0.171485 seconds 
========================================================================
Received Import Request.
  Time since last request: 0.000059 seconds.
  path: Assets/RPG Tiny Hero Duo/Texture/Emission.png
  artifactKey: Guid(a0ee9d562ffda6346b2a681ad69d73e2) Importer(2089858483,0ecaa5967403d082aa24f35e1b516d23)
Start importing Assets/RPG Tiny Hero Duo/Texture/Emission.png using Guid(a0ee9d562ffda6346b2a681ad69d73e2) Importer(2089858483,0ecaa5967403d082aa24f35e1b516d23) Generated GUIDs only implemented for interfaces!
 -> (artifact id: '84bfc2a5457e46a2bee1942a71d2e2ef') in 0.122733 seconds 
========================================================================
Received Import Request.
  Time since last request: 0.000033 seconds.
  path: Assets/WizardPolyArt/SRP/HowToTestSRPs.txt
  artifactKey: Guid(deb58950d64c620499ec0ad67cd8dd9f) Importer(2089858483,0ecaa5967403d082aa24f35e1b516d23)
Start importing Assets/WizardPolyArt/SRP/HowToTestSRPs.txt using Guid(deb58950d64c620499ec0ad67cd8dd9f) Importer(2089858483,0ecaa5967403d082aa24f35e1b516d23) Generated GUIDs only implemented for interfaces!
 -> (artifact id: 'd04a65c39f8b8c9793477e5781fc247c') in 0.027700 seconds 
========================================================================
Received Import Request.
  Time since last request: 0.000037 seconds.
  path: Assets/WizardPolyArt/Materials/PolyArtMaskTint 1.mat
  artifactKey: Guid(bc69fc6ad5b6c7645aa0c00ecda79767) Importer(2089858483,0ecaa5967403d082aa24f35e1b516d23)
Start importing Assets/WizardPolyArt/Materials/PolyArtMaskTint 1.mat using Guid(bc69fc6ad5b6c7645aa0c00ecda79767) Importer(2089858483,0ecaa5967403d082aa24f35e1b516d23) Generated GUIDs only implemented for interfaces!
 -> (artifact id: '4578d69d4a14fd341ad895acb1cdad10') in 0.037870 seconds 
========================================================================
Received Import Request.
  Time since last request: 0.000020 seconds.
  path: Assets/RPG Tiny Hero Duo/Mesh/ModularCharacterPBR.fbx
  artifactKey: Guid(34b0895dfc863f742aa5075a4e691859) Importer(2089858483,0ecaa5967403d082aa24f35e1b516d23)
Start importing Assets/RPG Tiny Hero Duo/Mesh/ModularCharacterPBR.fbx using Guid(34b0895dfc863f742aa5075a4e691859) Importer(2089858483,0ecaa5967403d082aa24f35e1b516d23) Generated GUIDs only implemented for interfaces!
 -> (artifact id: '5d47c39ee40d7a1300007c32e3d34d80') in 0.030564 seconds 
========================================================================
Received Import Request.
  Time since last request: 0.000023 seconds.
  path: Assets/WizardPolyArt/Prefabs/Staff01PolyArt.prefab
  artifactKey: Guid(713f90f70ef14794bbdcabcb038f4ae7) Importer(2089858483,0ecaa5967403d082aa24f35e1b516d23)
Start importing Assets/WizardPolyArt/Prefabs/Staff01PolyArt.prefab using Guid(713f90f70ef14794bbdcabcb038f4ae7) Importer(2089858483,0ecaa5967403d082aa24f35e1b516d23) Generated GUIDs only implemented for interfaces!
 -> (artifact id: 'ea3ec91f90e706287ee1e66ab80d49f9') in 0.061189 seconds 
========================================================================
Received Import Request.
  Time since last request: 0.000020 seconds.
  path: Assets/RPG Tiny Hero Duo/Scene/PolyartScene.unity
  artifactKey: Guid(f08cd05d33382c649a328c6e57dc3ec8) Importer(2089858483,0ecaa5967403d082aa24f35e1b516d23)
Start importing Assets/RPG Tiny Hero Duo/Scene/PolyartScene.unity using Guid(f08cd05d33382c649a328c6e57dc3ec8) Importer(2089858483,0ecaa5967403d082aa24f35e1b516d23) Generated GUIDs only implemented for interfaces!
 -> (artifact id: 'e10054e03f3d74c8d484b284189e5749') in 0.008077 seconds 
========================================================================
Received Import Request.
  Time since last request: 0.000018 seconds.
  path: Assets/WizardPolyArt/Animations/Interact.fbx
  artifactKey: Guid(4a412c425e347044d9bd20cf127cd4c9) Importer(2089858483,0ecaa5967403d082aa24f35e1b516d23)
Start importing Assets/WizardPolyArt/Animations/Interact.fbx using Guid(4a412c425e347044d9bd20cf127cd4c9) Importer(2089858483,0ecaa5967403d082aa24f35e1b516d23) Generated GUIDs only implemented for interfaces!
 -> (artifact id: 'd8f84bdfc8c7994d805b37553efc5a35') in 0.123411 seconds 
========================================================================
Received Import Request.
  Time since last request: 0.003657 seconds.
  path: Assets/RPG Tiny Hero Duo/Animation/SwordAndShield/RootMotion/MoveRGT_Battle_RM_SwordAndShield.fbx
  artifactKey: Guid(95f446e17c268294c9891358350fcc70) Importer(2089858483,0ecaa5967403d082aa24f35e1b516d23)
Start importing Assets/RPG Tiny Hero Duo/Animation/SwordAndShield/RootMotion/MoveRGT_Battle_RM_SwordAndShield.fbx using Guid(95f446e17c268294c9891358350fcc70) Importer(2089858483,0ecaa5967403d082aa24f35e1b516d23) Generated GUIDs only implemented for interfaces!
 -> (artifact id: 'b6d394ae6f8b0ff06be865fa634bbe0e') in 0.175403 seconds 
========================================================================
Received Import Request.
  Time since last request: 0.007632 seconds.
  path: Assets/RPG Tiny Hero Duo/Animation/SwordAndShield/RootMotion/SprintFWD_Battle_RM_SwordAndShield.fbx
  artifactKey: Guid(b40499a5812feac4aa7b77f7fbbac11f) Importer(2089858483,0ecaa5967403d082aa24f35e1b516d23)
Start importing Assets/RPG Tiny Hero Duo/Animation/SwordAndShield/RootMotion/SprintFWD_Battle_RM_SwordAndShield.fbx using Guid(b40499a5812feac4aa7b77f7fbbac11f) Importer(2089858483,0ecaa5967403d082aa24f35e1b516d23) Generated GUIDs only implemented for interfaces!
 -> (artifact id: '135cc51c479e631463e994156fc8b227') in 0.096605 seconds 
========================================================================
Received Import Request.
  Time since last request: 0.000388 seconds.
  path: Assets/RPG Tiny Hero Duo/Animation/SwordAndShield/InPlace/JumpAir_Double_InPlace_SwordAndShield.fbx
  artifactKey: Guid(5a1a6cd3b07227d4291a52440352f908) Importer(2089858483,0ecaa5967403d082aa24f35e1b516d23)
Start importing Assets/RPG Tiny Hero Duo/Animation/SwordAndShield/InPlace/JumpAir_Double_InPlace_SwordAndShield.fbx using Guid(5a1a6cd3b07227d4291a52440352f908) Importer(2089858483,0ecaa5967403d082aa24f35e1b516d23) Generated GUIDs only implemented for interfaces!
 -> (artifact id: '2b076fdf8ae0af41376c4c96dbfa6087') in 0.059935 seconds 
========================================================================
Received Import Request.
  Time since last request: 0.000021 seconds.
  path: Assets/RPG Tiny Hero Duo/Animation/SwordAndShield/LevelUp_Battle_SwordAndShield.fbx
  artifactKey: Guid(7125eebf1200f4b4ba2f105c37668d1d) Importer(2089858483,0ecaa5967403d082aa24f35e1b516d23)
Start importing Assets/RPG Tiny Hero Duo/Animation/SwordAndShield/LevelUp_Battle_SwordAndShield.fbx using Guid(7125eebf1200f4b4ba2f105c37668d1d) Importer(2089858483,0ecaa5967403d082aa24f35e1b516d23) Generated GUIDs only implemented for interfaces!
 -> (artifact id: 'f2100610d3e1e5843474dfca395e5e0a') in 0.076911 seconds 
========================================================================
Received Import Request.
  Time since last request: 0.000030 seconds.
  path: Assets/RPG Tiny Hero Duo/Animation/SwordAndShield/RootMotion/MoveFWD_Normal_RM_SwordAndShield.fbx
  artifactKey: Guid(784f38d02d7d1cd46bbf6b0c84154880) Importer(2089858483,0ecaa5967403d082aa24f35e1b516d23)
Start importing Assets/RPG Tiny Hero Duo/Animation/SwordAndShield/RootMotion/MoveFWD_Normal_RM_SwordAndShield.fbx using Guid(784f38d02d7d1cd46bbf6b0c84154880) Importer(2089858483,0ecaa5967403d082aa24f35e1b516d23) Generated GUIDs only implemented for interfaces!
 -> (artifact id: 'f3f8ec21f9b096c537ee0e2760a0deb1') in 0.109328 seconds 
========================================================================
Received Import Request.
  Time since last request: 0.000041 seconds.
  path: Assets/RPG Tiny Hero Duo/Animation/SwordAndShield/Idle_Battle_SwordAndShiled.fbx
  artifactKey: Guid(0308cf4e83cf517488b60af58b290fe0) Importer(2089858483,0ecaa5967403d082aa24f35e1b516d23)
Start importing Assets/RPG Tiny Hero Duo/Animation/SwordAndShield/Idle_Battle_SwordAndShiled.fbx using Guid(0308cf4e83cf517488b60af58b290fe0) Importer(2089858483,0ecaa5967403d082aa24f35e1b516d23) Generated GUIDs only implemented for interfaces!
 -> (artifact id: 'abef16fd36808d0aaef05d3acf1c763f') in 0.095692 seconds 
========================================================================
Received Import Request.
  Time since last request: 0.000022 seconds.
  path: Assets/RPG Tiny Hero Duo/Animation/SwordAndShield/InPlace/JumpAir_Spin_InPlace_SwordAndShield.fbx
  artifactKey: Guid(c025fa5a934bfbb40b2bf27c97c22b38) Importer(2089858483,0ecaa5967403d082aa24f35e1b516d23)
Start importing Assets/RPG Tiny Hero Duo/Animation/SwordAndShield/InPlace/JumpAir_Spin_InPlace_SwordAndShield.fbx using Guid(c025fa5a934bfbb40b2bf27c97c22b38) Importer(2089858483,0ecaa5967403d082aa24f35e1b516d23) Generated GUIDs only implemented for interfaces!
 -> (artifact id: '99263154e7b75715e9df8ae156535ca7') in 0.071450 seconds 
========================================================================
Received Import Request.
  Time since last request: 0.000725 seconds.
  path: Assets/WizardPolyArt/Textures/ForStandardShader/polyArtTex.png
  artifactKey: Guid(367fb8c3e96202542b61122c3b392cc6) Importer(2089858483,0ecaa5967403d082aa24f35e1b516d23)
Start importing Assets/WizardPolyArt/Textures/ForStandardShader/polyArtTex.png using Guid(367fb8c3e96202542b61122c3b392cc6) Importer(2089858483,0ecaa5967403d082aa24f35e1b516d23) Generated GUIDs only implemented for interfaces!
 -> (artifact id: '3c2bf27a831912bc321928c47614eb45') in 0.049147 seconds 
========================================================================
Received Import Request.
  Time since last request: 0.017478 seconds.
  path: Assets/WizardPolyArt/Prefabs/Staff02Polyart.prefab
  artifactKey: Guid(e55280988a6fa1843a32025141146c2a) Importer(2089858483,0ecaa5967403d082aa24f35e1b516d23)
Start importing Assets/WizardPolyArt/Prefabs/Staff02Polyart.prefab using Guid(e55280988a6fa1843a32025141146c2a) Importer(2089858483,0ecaa5967403d082aa24f35e1b516d23) Generated GUIDs only implemented for interfaces!
 -> (artifact id: '43739f2b809385fb3af7578d697854c0') in 0.166011 seconds 
========================================================================
Received Import Request.
  Time since last request: 0.000024 seconds.
  path: Assets/RPG Tiny Hero Duo/Animation/SwordAndShield/RootMotion/MoveLFT_Battle_RM_SwordAndShield.fbx
  artifactKey: Guid(0451bbf0d5f172a40ac47fdb6d799f2f) Importer(2089858483,0ecaa5967403d082aa24f35e1b516d23)
Start importing Assets/RPG Tiny Hero Duo/Animation/SwordAndShield/RootMotion/MoveLFT_Battle_RM_SwordAndShield.fbx using Guid(0451bbf0d5f172a40ac47fdb6d799f2f) Importer(2089858483,0ecaa5967403d082aa24f35e1b516d23) Generated GUIDs only implemented for interfaces!
 -> (artifact id: 'a8c14c3a99af551f8d7283b7d0dc1a5a') in 0.210527 seconds 
========================================================================
Received Import Request.
  Time since last request: 0.000044 seconds.
  path: Assets/RPG Tiny Hero Duo/Mesh/Shield05PBR.fbx
  artifactKey: Guid(99054bc45d8ad7442b1e413b0e260ca7) Importer(2089858483,0ecaa5967403d082aa24f35e1b516d23)
Start importing Assets/RPG Tiny Hero Duo/Mesh/Shield05PBR.fbx using Guid(99054bc45d8ad7442b1e413b0e260ca7) Importer(2089858483,0ecaa5967403d082aa24f35e1b516d23) Generated GUIDs only implemented for interfaces!
 -> (artifact id: '96077854441b4dc91278f49ef378a34f') in 0.261920 seconds 
========================================================================
Received Import Request.
  Time since last request: 0.000031 seconds.
  path: Assets/WizardPolyArt/Mesh/Staff01PolyArt.fbx
  artifactKey: Guid(199d5221dad59a74aa0d8d47e83e6e03) Importer(2089858483,0ecaa5967403d082aa24f35e1b516d23)
Start importing Assets/WizardPolyArt/Mesh/Staff01PolyArt.fbx using Guid(199d5221dad59a74aa0d8d47e83e6e03) Importer(2089858483,0ecaa5967403d082aa24f35e1b516d23) Generated GUIDs only implemented for interfaces!
 -> (artifact id: 'd89b1a86dd072560901f780200044461') in 0.024072 seconds 
========================================================================
Received Import Request.
  Time since last request: 0.001221 seconds.
  path: Assets/WizardPolyArt/Animations/Attack04.fbx
  artifactKey: Guid(8692461656b17c84981f4c64c15341fc) Importer(2089858483,0ecaa5967403d082aa24f35e1b516d23)
Start importing Assets/WizardPolyArt/Animations/Attack04.fbx using Guid(8692461656b17c84981f4c64c15341fc) Importer(2089858483,0ecaa5967403d082aa24f35e1b516d23) Generated GUIDs only implemented for interfaces!
 -> (artifact id: '9a31cdfe78ef441a34fc41856bdb9513') in 0.126774 seconds 
========================================================================
Received Import Request.
  Time since last request: 0.000022 seconds.
  path: Assets/WizardPolyArt/Animations/GetHit.fbx
  artifactKey: Guid(2f592d5d1c1add446a8b3c2ff3f18a4e) Importer(2089858483,0ecaa5967403d082aa24f35e1b516d23)
Start importing Assets/WizardPolyArt/Animations/GetHit.fbx using Guid(2f592d5d1c1add446a8b3c2ff3f18a4e) Importer(2089858483,0ecaa5967403d082aa24f35e1b516d23) Generated GUIDs only implemented for interfaces!
 -> (artifact id: '2d7520dacf89f9fbc6fcbeee45151c0c') in 0.165576 seconds 
========================================================================
Received Import Request.
  Time since last request: 0.000024 seconds.
  path: Assets/WizardPolyArt/Animations/DefendHit.fbx
  artifactKey: Guid(e7da2deb9071c004cb067139c9064ae4) Importer(2089858483,0ecaa5967403d082aa24f35e1b516d23)
Start importing Assets/WizardPolyArt/Animations/DefendHit.fbx using Guid(e7da2deb9071c004cb067139c9064ae4) Importer(2089858483,0ecaa5967403d082aa24f35e1b516d23) Generated GUIDs only implemented for interfaces!
 -> (artifact id: '57b668d22cf7fe85fe1d69fefe3675a0') in 0.122551 seconds 
========================================================================
Received Import Request.
  Time since last request: 0.000037 seconds.
  path: Assets/WizardPolyArt/Animations/DefendStart.fbx
  artifactKey: Guid(fee3c136e33beab44910227b8afc9d94) Importer(2089858483,0ecaa5967403d082aa24f35e1b516d23)
Start importing Assets/WizardPolyArt/Animations/DefendStart.fbx using Guid(fee3c136e33beab44910227b8afc9d94) Importer(2089858483,0ecaa5967403d082aa24f35e1b516d23) Generated GUIDs only implemented for interfaces!
 -> (artifact id: '62e74ebb2970bf3930b57ff4c3a44719') in 0.057692 seconds 
========================================================================
Received Import Request.
  Time since last request: 0.000018 seconds.
  path: Assets/WizardPolyArt/Materials/PolyArtStandardMaterial.mat
  artifactKey: Guid(c33a548d6df8c8a4daca736f3300dd9c) Importer(2089858483,0ecaa5967403d082aa24f35e1b516d23)
Start importing Assets/WizardPolyArt/Materials/PolyArtStandardMaterial.mat using Guid(c33a548d6df8c8a4daca736f3300dd9c) Importer(2089858483,0ecaa5967403d082aa24f35e1b516d23) Generated GUIDs only implemented for interfaces!
 -> (artifact id: '37183052e0979cc3e2fe60862b4b7fb1') in 0.048960 seconds 
========================================================================
Received Import Request.
  Time since last request: 0.000019 seconds.
  path: Assets/WizardPolyArt/Animations/WizardAnimControl.controller
  artifactKey: Guid(2890c9060ce4f6b45b4082d87f47b27e) Importer(2089858483,0ecaa5967403d082aa24f35e1b516d23)
Start importing Assets/WizardPolyArt/Animations/WizardAnimControl.controller using Guid(2890c9060ce4f6b45b4082d87f47b27e) Importer(2089858483,0ecaa5967403d082aa24f35e1b516d23) Generated GUIDs only implemented for interfaces!
 -> (artifact id: '8c2ccec0162da29d36bccca97e5544cf') in 0.366557 seconds 
========================================================================
Received Import Request.
  Time since last request: 0.000033 seconds.
  path: Assets/RPG Tiny Hero Duo/Prefab/FemaleCharacterPolyart.prefab
  artifactKey: Guid(257c304c754d3b247a51ef5bea7a90d0) Importer(2089858483,0ecaa5967403d082aa24f35e1b516d23)
Start importing Assets/RPG Tiny Hero Duo/Prefab/FemaleCharacterPolyart.prefab using Guid(257c304c754d3b247a51ef5bea7a90d0) Importer(2089858483,0ecaa5967403d082aa24f35e1b516d23) Generated GUIDs only implemented for interfaces!
 -> (artifact id: 'ebf397c3687142510d68455c4503deeb') in 0.400996 seconds 
========================================================================
Received Import Request.
  Time since last request: 0.000081 seconds.
  path: Assets/RPG Tiny Hero Duo/Mesh/ModularCharacterPolyart.fbx
  artifactKey: Guid(14ab85c74a636c74baa3ae08a1b410bc) Importer(2089858483,0ecaa5967403d082aa24f35e1b516d23)
Start importing Assets/RPG Tiny Hero Duo/Mesh/ModularCharacterPolyart.fbx using Guid(14ab85c74a636c74baa3ae08a1b410bc) Importer(2089858483,0ecaa5967403d082aa24f35e1b516d23) Generated GUIDs only implemented for interfaces!
 -> (artifact id: '2a2cbcdce6de3b727e8efe22b8c460f4') in 0.041186 seconds 
========================================================================
Received Import Request.
  Time since last request: 0.000022 seconds.
  path: Assets/WizardPolyArt/Animations/JumpUp.fbx
  artifactKey: Guid(d84eaa1354c31fa49a71e96cc487d56f) Importer(2089858483,0ecaa5967403d082aa24f35e1b516d23)
Start importing Assets/WizardPolyArt/Animations/JumpUp.fbx using Guid(d84eaa1354c31fa49a71e96cc487d56f) Importer(2089858483,0ecaa5967403d082aa24f35e1b516d23) Generated GUIDs only implemented for interfaces!
 -> (artifact id: '7c6bd40e408d359523ff1a61450efacd') in 0.077905 seconds 
========================================================================
Received Import Request.
  Time since last request: 0.000020 seconds.
  path: Assets/WizardPolyArt/Animations/BattleWalkBack.fbx
  artifactKey: Guid(61d53a1bd108efb4a8f50f729e2b15bb) Importer(2089858483,0ecaa5967403d082aa24f35e1b516d23)
Start importing Assets/WizardPolyArt/Animations/BattleWalkBack.fbx using Guid(61d53a1bd108efb4a8f50f729e2b15bb) Importer(2089858483,0ecaa5967403d082aa24f35e1b516d23) Generated GUIDs only implemented for interfaces!
 -> (artifact id: '076488fcfc7cd8e17635a6788379d193') in 0.074575 seconds 
========================================================================
Received Import Request.
  Time since last request: 0.000024 seconds.
  path: Assets/WizardPolyArt/Animations/JumpUpAttack.fbx
  artifactKey: Guid(00ac993e870df7c4b9425dfb0e4dcce7) Importer(2089858483,0ecaa5967403d082aa24f35e1b516d23)
Start importing Assets/WizardPolyArt/Animations/JumpUpAttack.fbx using Guid(00ac993e870df7c4b9425dfb0e4dcce7) Importer(2089858483,0ecaa5967403d082aa24f35e1b516d23) Generated GUIDs only implemented for interfaces!
 -> (artifact id: '8bc1f1db641e76a66ab8ea190934f2b5') in 0.081873 seconds 
========================================================================
Received Import Request.
  Time since last request: 0.000072 seconds.
  path: Assets/WizardPolyArt/Animations/PotionDrink.fbx
  artifactKey: Guid(e5325ecccbec8e94f957227cd2b72fca) Importer(2089858483,0ecaa5967403d082aa24f35e1b516d23)
Start importing Assets/WizardPolyArt/Animations/PotionDrink.fbx using Guid(e5325ecccbec8e94f957227cd2b72fca) Importer(2089858483,0ecaa5967403d082aa24f35e1b516d23) Generated GUIDs only implemented for interfaces!
 -> (artifact id: '51daa253c7cf432f5aa45c688ede058c') in 0.074775 seconds 
========================================================================
Received Import Request.
  Time since last request: 0.000021 seconds.
  path: Assets/RPG Tiny Hero Duo/Animation/SwordAndShield/Victory_Battle_SwordAndShield.fbx
  artifactKey: Guid(03bef14f938475e429e87b9e986bc32c) Importer(2089858483,0ecaa5967403d082aa24f35e1b516d23)
Start importing Assets/RPG Tiny Hero Duo/Animation/SwordAndShield/Victory_Battle_SwordAndShield.fbx using Guid(03bef14f938475e429e87b9e986bc32c) Importer(2089858483,0ecaa5967403d082aa24f35e1b516d23) Generated GUIDs only implemented for interfaces!
 -> (artifact id: '2db6af392b94137047bf05962823f668') in 0.061185 seconds 
========================================================================
Received Import Request.
  Time since last request: 0.000021 seconds.
  path: Assets/RPG Tiny Hero Duo/Animation/SwordAndShield/InPlace/MoveRGT_Battle_InPlace_SwordAndShield.fbx
  artifactKey: Guid(f531fd2d5a6a8a440b5d450e029c4041) Importer(2089858483,0ecaa5967403d082aa24f35e1b516d23)
Start importing Assets/RPG Tiny Hero Duo/Animation/SwordAndShield/InPlace/MoveRGT_Battle_InPlace_SwordAndShield.fbx using Guid(f531fd2d5a6a8a440b5d450e029c4041) Importer(2089858483,0ecaa5967403d082aa24f35e1b516d23) Generated GUIDs only implemented for interfaces!
 -> (artifact id: '5f03a7c4905d97b10967bc560047d4be') in 0.056157 seconds 
========================================================================
Received Import Request.
  Time since last request: 0.000023 seconds.
  path: Assets/RPG Tiny Hero Duo/Animation/SwordAndShield/InPlace/JumpStart_Normal_InPlace_SwordAndShield.fbx
  artifactKey: Guid(c2b2e4c79d87c3045838cbc5935d8a98) Importer(2089858483,0ecaa5967403d082aa24f35e1b516d23)
Start importing Assets/RPG Tiny Hero Duo/Animation/SwordAndShield/InPlace/JumpStart_Normal_InPlace_SwordAndShield.fbx using Guid(c2b2e4c79d87c3045838cbc5935d8a98) Importer(2089858483,0ecaa5967403d082aa24f35e1b516d23) Generated GUIDs only implemented for interfaces!
 -> (artifact id: '150d8e05de9bf27ed7f02dd168754ad7') in 0.112940 seconds 
========================================================================
Received Import Request.
  Time since last request: 0.000033 seconds.
  path: Assets/RPG Tiny Hero Duo/Prefab/MaleCharacterPolyart.prefab
  artifactKey: Guid(c564c8c0d0cdc45429417f315e9f3e41) Importer(2089858483,0ecaa5967403d082aa24f35e1b516d23)
Start importing Assets/RPG Tiny Hero Duo/Prefab/MaleCharacterPolyart.prefab using Guid(c564c8c0d0cdc45429417f315e9f3e41) Importer(2089858483,0ecaa5967403d082aa24f35e1b516d23) Generated GUIDs only implemented for interfaces!
 -> (artifact id: '7e2e779f88f76b882887a8b23f49c86b') in 0.068444 seconds 
========================================================================
Received Import Request.
  Time since last request: 0.000028 seconds.
  path: Assets/RPG Tiny Hero Duo/Animation/SwordAndShield/RootMotion/MoveFWD_Battle_RM_SwordAndShield.fbx
  artifactKey: Guid(8bcf8cfd96eeb4040a37e9e44d89a841) Importer(2089858483,0ecaa5967403d082aa24f35e1b516d23)
Start importing Assets/RPG Tiny Hero Duo/Animation/SwordAndShield/RootMotion/MoveFWD_Battle_RM_SwordAndShield.fbx using Guid(8bcf8cfd96eeb4040a37e9e44d89a841) Importer(2089858483,0ecaa5967403d082aa24f35e1b516d23) Generated GUIDs only implemented for interfaces!
 -> (artifact id: '647168b89b159152b7c6aadfe2b3fc3f') in 0.127798 seconds 
========================================================================
Received Import Request.
  Time since last request: 0.000235 seconds.
  path: Assets/RPG Tiny Hero Duo/Animation/SwordAndShield/InPlace/JumpEnd_Normal_InPlace_SwordAndShield.fbx
  artifactKey: Guid(8b662f6fbb996ba429182e54857361d3) Importer(2089858483,0ecaa5967403d082aa24f35e1b516d23)
Start importing Assets/RPG Tiny Hero Duo/Animation/SwordAndShield/InPlace/JumpEnd_Normal_InPlace_SwordAndShield.fbx using Guid(8b662f6fbb996ba429182e54857361d3) Importer(2089858483,0ecaa5967403d082aa24f35e1b516d23) Generated GUIDs only implemented for interfaces!
 -> (artifact id: '90178e185249eca45e5d4a640e315655') in 0.229673 seconds 
========================================================================
Received Import Request.
  Time since last request: 0.000033 seconds.
  path: Assets/RPG Tiny Hero Duo/Animation/SwordAndShield/RootMotion/JumpFull_Normal_RM_SwordAndShield.fbx
  artifactKey: Guid(dd2792b75214ec24793124d449bacd3a) Importer(2089858483,0ecaa5967403d082aa24f35e1b516d23)
Start importing Assets/RPG Tiny Hero Duo/Animation/SwordAndShield/RootMotion/JumpFull_Normal_RM_SwordAndShield.fbx using Guid(dd2792b75214ec24793124d449bacd3a) Importer(2089858483,0ecaa5967403d082aa24f35e1b516d23) Generated GUIDs only implemented for interfaces!
 -> (artifact id: '987c1264426dc1103a43940d6a512306') in 0.064815 seconds 
========================================================================
Received Import Request.
  Time since last request: 0.000030 seconds.
  path: Assets/RPG Tiny Hero Duo/Prefab/OHS06Polyart.prefab
  artifactKey: Guid(a611871aa4f987941bf934736c0ee6d7) Importer(2089858483,0ecaa5967403d082aa24f35e1b516d23)
Start importing Assets/RPG Tiny Hero Duo/Prefab/OHS06Polyart.prefab using Guid(a611871aa4f987941bf934736c0ee6d7) Importer(2089858483,0ecaa5967403d082aa24f35e1b516d23) Generated GUIDs only implemented for interfaces!
 -> (artifact id: '4d86f4e58f110b9418d5f147d49e3682') in 0.049942 seconds 
========================================================================
Received Import Request.
  Time since last request: 0.000020 seconds.
  path: Assets/WizardPolyArt/Animations/BattleWalkRight.fbx
  artifactKey: Guid(034514e1d437a2d4dade1cdf55367352) Importer(2089858483,0ecaa5967403d082aa24f35e1b516d23)
Start importing Assets/WizardPolyArt/Animations/BattleWalkRight.fbx using Guid(034514e1d437a2d4dade1cdf55367352) Importer(2089858483,0ecaa5967403d082aa24f35e1b516d23) Generated GUIDs only implemented for interfaces!
 -> (artifact id: '2eeba4cb6f6220781fb7bab40ece6014') in 0.077947 seconds 
========================================================================
Received Import Request.
  Time since last request: 0.000023 seconds.
  path: Assets/WizardPolyArt/Mesh/Staff03PolyArt.fbx
  artifactKey: Guid(4568399afa0fdc64bb50a337c6acb100) Importer(2089858483,0ecaa5967403d082aa24f35e1b516d23)
Start importing Assets/WizardPolyArt/Mesh/Staff03PolyArt.fbx using Guid(4568399afa0fdc64bb50a337c6acb100) Importer(2089858483,0ecaa5967403d082aa24f35e1b516d23) Generated GUIDs only implemented for interfaces!
 -> (artifact id: '8d4ff0b5bcbfb3993c522dc2af7f69dc') in 0.019576 seconds 
========================================================================
Received Import Request.
  Time since last request: 0.000023 seconds.
  path: Assets/WizardPolyArt/Scene/WizardScene.unity
  artifactKey: Guid(1bf912b9f8baab0489fd62f6c317e8a1) Importer(2089858483,0ecaa5967403d082aa24f35e1b516d23)
Start importing Assets/WizardPolyArt/Scene/WizardScene.unity using Guid(1bf912b9f8baab0489fd62f6c317e8a1) Importer(2089858483,0ecaa5967403d082aa24f35e1b516d23) Generated GUIDs only implemented for interfaces!
 -> (artifact id: 'e5b1d1ce06319b9c5cb33e788daa4659') in 0.010351 seconds 
========================================================================
Received Import Request.
  Time since last request: 0.000030 seconds.
  path: Assets/RPG Tiny Hero Duo/Prefab/Shield05PBR.prefab
  artifactKey: Guid(ac86f8ddca59acb4184d3eb42067bafa) Importer(2089858483,0ecaa5967403d082aa24f35e1b516d23)
Start importing Assets/RPG Tiny Hero Duo/Prefab/Shield05PBR.prefab using Guid(ac86f8ddca59acb4184d3eb42067bafa) Importer(2089858483,0ecaa5967403d082aa24f35e1b516d23) Generated GUIDs only implemented for interfaces!
 -> (artifact id: '1b09cb9208104d6a22d47858455037b3') in 0.024514 seconds 
========================================================================
Received Import Request.
  Time since last request: 0.000024 seconds.
  path: Assets/RPG Tiny Hero Duo/Scene/RootMotion.unity
  artifactKey: Guid(434dafee2b278604da21509f31e83199) Importer(2089858483,0ecaa5967403d082aa24f35e1b516d23)
Start importing Assets/RPG Tiny Hero Duo/Scene/RootMotion.unity using Guid(434dafee2b278604da21509f31e83199) Importer(2089858483,0ecaa5967403d082aa24f35e1b516d23) Generated GUIDs only implemented for interfaces!
 -> (artifact id: 'b07bf019632105f6ff84ae302796f35e') in 0.013424 seconds 
========================================================================
Received Import Request.
  Time since last request: 0.000019 seconds.
  path: Assets/RPG Tiny Hero Duo/Mesh/Shield08Polyart.fbx
  artifactKey: Guid(c987a0ed5f8902041b988ba78a977080) Importer(2089858483,0ecaa5967403d082aa24f35e1b516d23)
Start importing Assets/RPG Tiny Hero Duo/Mesh/Shield08Polyart.fbx using Guid(c987a0ed5f8902041b988ba78a977080) Importer(2089858483,0ecaa5967403d082aa24f35e1b516d23) Generated GUIDs only implemented for interfaces!
 -> (artifact id: '7bd78c570e818a6bf621336e4bbfe8c0') in 0.023239 seconds 
========================================================================
Received Import Request.
  Time since last request: 0.000019 seconds.
  path: Assets/RPG Tiny Hero Duo/Prefab/Shield08PBR.prefab
  artifactKey: Guid(573036acf9f1e0c42845dddc25cea245) Importer(2089858483,0ecaa5967403d082aa24f35e1b516d23)
Start importing Assets/RPG Tiny Hero Duo/Prefab/Shield08PBR.prefab using Guid(573036acf9f1e0c42845dddc25cea245) Importer(2089858483,0ecaa5967403d082aa24f35e1b516d23) Generated GUIDs only implemented for interfaces!
 -> (artifact id: 'f498898cee88f1e91e83e78cbb66f8be') in 0.023926 seconds 
========================================================================
Received Import Request.
  Time since last request: 0.000021 seconds.
  path: Assets/RPG Tiny Hero Duo/Animation/SwordAndShield/InPlace/JumpFull_Spin_InPlace_SwordAndShield.fbx
  artifactKey: Guid(b5bfe52205c4a874991178073ad7989c) Importer(2089858483,0ecaa5967403d082aa24f35e1b516d23)
Start importing Assets/RPG Tiny Hero Duo/Animation/SwordAndShield/InPlace/JumpFull_Spin_InPlace_SwordAndShield.fbx using Guid(b5bfe52205c4a874991178073ad7989c) Importer(2089858483,0ecaa5967403d082aa24f35e1b516d23) Generated GUIDs only implemented for interfaces!
 -> (artifact id: '451a947201366f54d77e8643d18ddfd5') in 0.609697 seconds 
========================================================================
Received Import Request.
  Time since last request: 0.000025 seconds.
  path: Assets/RPG Tiny Hero Duo/Animation/SwordAndShield/Attack04_Start_SwordAndShield.fbx
  artifactKey: Guid(11cede249330b1744a2bc174ddb6111c) Importer(2089858483,0ecaa5967403d082aa24f35e1b516d23)
Start importing Assets/RPG Tiny Hero Duo/Animation/SwordAndShield/Attack04_Start_SwordAndShield.fbx using Guid(11cede249330b1744a2bc174ddb6111c) Importer(2089858483,0ecaa5967403d082aa24f35e1b516d23) Generated GUIDs only implemented for interfaces!
 -> (artifact id: '904be5469d5038f02e363f7f255e89ff') in 0.947552 seconds 
========================================================================
Received Import Request.
  Time since last request: 0.000048 seconds.
  path: Assets/WizardPolyArt/Animations/BattleWalkForward.fbx
  artifactKey: Guid(d08cb4da34e0ede4c82e968040ea86c4) Importer(2089858483,0ecaa5967403d082aa24f35e1b516d23)
Start importing Assets/WizardPolyArt/Animations/BattleWalkForward.fbx using Guid(d08cb4da34e0ede4c82e968040ea86c4) Importer(2089858483,0ecaa5967403d082aa24f35e1b516d23) Generated GUIDs only implemented for interfaces!
 -> (artifact id: '3d4f33d89bb42a2c3015f8d6195290fe') in 0.296607 seconds 
========================================================================
Received Prepare
Refreshing native plugins compatible for Editor in 287.22 ms, found 3 plugins.
Preloading 0 native plugins for Editor in 0.00 ms.
Unloading 17 Unused Serialized files (Serialized files now loaded: 0)
Unloading 17 unused Assets / (77.9 KB). Loaded Objects now: 3514.
Memory consumption went from 53.3 MB to 53.3 MB.
Total: 4.661400 ms (FindLiveObjects: 0.412800 ms CreateObjectMapping: 0.283500 ms MarkObjects: 3.864300 ms  DeleteObjects: 0.099700 ms)

AssetImportParameters requested are different than current active one (requested -> active):
  custom:video-decoder-ogg-theora: a1e56fd34408186e4bbccfd4996cb3dc -> 
  custom:container-muxer-webm: aa71ff27fc2769a1b78a27578f13a17b -> 
  custom:container-demuxer-webm: 4f35f7cbe854078d1ac9338744f61a02 -> 
  custom:video-encoder-webm-vp8: eb34c28f22e8b96e1ab97ce403110664 -> 
  custom:audio-encoder-webm-vorbis: bf7c407c2cedff20999df2af8eb42d56 -> 
  custom:framework-win-MediaFoundation: 216162199b28c13a410421893ffa2e32 -> 
  custom:SearchIndexIgnoredProperties: e643bd26f0fe6173181afceb89e7c659 -> 
  custom:container-demuxer-ogg: 62fdf1f143b41e24485cea50d1cbac27 -> 
  custom:video-decoder-webm-vp8: 9c59270c3fd7afecdb556c50c9e8de78 -> 
  custom:audio-decoder-ogg-vorbis: bf7c407c2cedff20999df2af8eb42d56 -> 
========================================================================
Received Prepare
Registering precompiled user dll's ...
Registered in 0.009868 seconds.
Begin MonoManager ReloadAssembly
Symbol file LoadedFromMemory doesn't match image D:\unity\yymLolPve\yymLOLPve\Library\PackageCache\com.unity.visualscripting@1.8.0\Editor\VisualScripting.Core\Dependencies\YamlDotNet\Unity.VisualScripting.YamlDotNet.dll
Symbol file LoadedFromMemory doesn't match image D:\unity\yymLolPve\yymLOLPve\Library\PackageCache\com.unity.visualscripting@1.8.0\Editor\VisualScripting.Core\Dependencies\DotNetZip\Unity.VisualScripting.IonicZip.dll
Native extension for WindowsStandalone target not found
Refreshing native plugins compatible for Editor in 0.50 ms, found 3 plugins.
Preloading 0 native plugins for Editor in 0.00 ms.
Mono: successfully reloaded assembly
- Completed reload, in  1.283 seconds
Domain Reload Profiling:
	ReloadAssembly (1283ms)
		BeginReloadAssembly (263ms)
			ExecutionOrderSort (0ms)
			DisableScriptedObjects (7ms)
			BackupInstance (0ms)
			ReleaseScriptingObjects (0ms)
			CreateAndSetChildDomain (49ms)
		EndReloadAssembly (880ms)
			LoadAssemblies (231ms)
			RebuildTransferFunctionScriptingTraits (0ms)
			SetupTypeCache (327ms)
			ReleaseScriptCaches (1ms)
			RebuildScriptCaches (45ms)
			SetupLoadedEditorAssemblies (325ms)
				LogAssemblyErrors (0ms)
				InitializePlatformSupportModulesInManaged (6ms)
				SetLoadedEditorAssemblies (1ms)
				RefreshPlugins (1ms)
				BeforeProcessingInitializeOnLoad (63ms)
				ProcessInitializeOnLoadAttributes (228ms)
				ProcessInitializeOnLoadMethodAttributes (22ms)
				AfterProcessingInitializeOnLoad (6ms)
				EditorAssembliesLoaded (0ms)
			ExecutionOrderSort2 (0ms)
			AwakeInstancesAfterBackupRestoration (21ms)
Platform modules already initialized, skipping
Refreshing native plugins compatible for Editor in 2.94 ms, found 3 plugins.
Preloading 0 native plugins for Editor in 0.00 ms.
Unloading 3043 Unused Serialized files (Serialized files now loaded: 0)
Unloading 17 unused Assets / (80.5 KB). Loaded Objects now: 3517.
Memory consumption went from 113.7 MB to 113.7 MB.
Total: 6.026500 ms (FindLiveObjects: 0.275100 ms CreateObjectMapping: 0.211600 ms MarkObjects: 5.350000 ms  DeleteObjects: 0.188100 ms)

AssetImportParameters requested are different than current active one (requested -> active):
  custom:video-decoder-ogg-theora: a1e56fd34408186e4bbccfd4996cb3dc -> 
  custom:container-muxer-webm: aa71ff27fc2769a1b78a27578f13a17b -> 
  custom:container-demuxer-webm: 4f35f7cbe854078d1ac9338744f61a02 -> 
  custom:video-encoder-webm-vp8: eb34c28f22e8b96e1ab97ce403110664 -> 
  custom:audio-encoder-webm-vorbis: bf7c407c2cedff20999df2af8eb42d56 -> 
  custom:framework-win-MediaFoundation: 216162199b28c13a410421893ffa2e32 -> 
  custom:SearchIndexIgnoredProperties: e643bd26f0fe6173181afceb89e7c659 -> 
  custom:container-demuxer-ogg: 62fdf1f143b41e24485cea50d1cbac27 -> 
  custom:video-decoder-webm-vp8: 9c59270c3fd7afecdb556c50c9e8de78 -> 
  custom:audio-decoder-ogg-vorbis: bf7c407c2cedff20999df2af8eb42d56 -> 
========================================================================
Received Prepare
Registering precompiled user dll's ...
Registered in 0.011370 seconds.
Begin MonoManager ReloadAssembly
Symbol file LoadedFromMemory doesn't match image D:\unity\yymLolPve\yymLOLPve\Library\PackageCache\com.unity.visualscripting@1.8.0\Editor\VisualScripting.Core\Dependencies\YamlDotNet\Unity.VisualScripting.YamlDotNet.dll
Symbol file LoadedFromMemory doesn't match image D:\unity\yymLolPve\yymLOLPve\Library\PackageCache\com.unity.visualscripting@1.8.0\Editor\VisualScripting.Core\Dependencies\DotNetZip\Unity.VisualScripting.IonicZip.dll
Native extension for WindowsStandalone target not found
Refreshing native plugins compatible for Editor in 0.47 ms, found 3 plugins.
Preloading 0 native plugins for Editor in 0.00 ms.
Mono: successfully reloaded assembly
- Completed reload, in  1.434 seconds
Domain Reload Profiling:
	ReloadAssembly (1434ms)
		BeginReloadAssembly (254ms)
			ExecutionOrderSort (0ms)
			DisableScriptedObjects (6ms)
			BackupInstance (0ms)
			ReleaseScriptingObjects (0ms)
			CreateAndSetChildDomain (43ms)
		EndReloadAssembly (1011ms)
			LoadAssemblies (248ms)
			RebuildTransferFunctionScriptingTraits (0ms)
			SetupTypeCache (396ms)
			ReleaseScriptCaches (2ms)
			RebuildScriptCaches (50ms)
			SetupLoadedEditorAssemblies (348ms)
				LogAssemblyErrors (0ms)
				InitializePlatformSupportModulesInManaged (6ms)
				SetLoadedEditorAssemblies (0ms)
				RefreshPlugins (1ms)
				BeforeProcessingInitializeOnLoad (69ms)
				ProcessInitializeOnLoadAttributes (238ms)
				ProcessInitializeOnLoadMethodAttributes (27ms)
				AfterProcessingInitializeOnLoad (7ms)
				EditorAssembliesLoaded (0ms)
			ExecutionOrderSort2 (0ms)
			AwakeInstancesAfterBackupRestoration (23ms)
Platform modules already initialized, skipping
Refreshing native plugins compatible for Editor in 17.50 ms, found 3 plugins.
Preloading 0 native plugins for Editor in 0.00 ms.
Unloading 3043 Unused Serialized files (Serialized files now loaded: 0)
Unloading 17 unused Assets / (80.8 KB). Loaded Objects now: 3520.
Memory consumption went from 113.8 MB to 113.7 MB.
Total: 2.851900 ms (FindLiveObjects: 0.274100 ms CreateObjectMapping: 0.198200 ms MarkObjects: 2.271900 ms  DeleteObjects: 0.106500 ms)

AssetImportParameters requested are different than current active one (requested -> active):
  custom:video-decoder-ogg-theora: a1e56fd34408186e4bbccfd4996cb3dc -> 
  custom:container-muxer-webm: aa71ff27fc2769a1b78a27578f13a17b -> 
  custom:container-demuxer-webm: 4f35f7cbe854078d1ac9338744f61a02 -> 
  custom:video-encoder-webm-vp8: eb34c28f22e8b96e1ab97ce403110664 -> 
  custom:audio-encoder-webm-vorbis: bf7c407c2cedff20999df2af8eb42d56 -> 
  custom:framework-win-MediaFoundation: 216162199b28c13a410421893ffa2e32 -> 
  custom:SearchIndexIgnoredProperties: e643bd26f0fe6173181afceb89e7c659 -> 
  custom:container-demuxer-ogg: 62fdf1f143b41e24485cea50d1cbac27 -> 
  custom:video-decoder-webm-vp8: 9c59270c3fd7afecdb556c50c9e8de78 -> 
  custom:audio-decoder-ogg-vorbis: bf7c407c2cedff20999df2af8eb42d56 -> 
